<?xml version="1.0" encoding="UTF-8"?>
<!-- Generated by org.testng.reporters.JUnitReportReporter -->
<testsuite hostname="LAPTOP-8JR811IM" failures="0" tests="1" name="mypackage.TestNGfinal" time="0.006" errors="0" timestamp="2021-08-31T18:04:33 IST" skipped="0">
  <testcase classname="mypackage.TestNGfinal" name="test" time="0.006"/>
  <system-out/>
</testsuite> <!-- mypackage.TestNGfinal -->
